<?xml version="1.0" encoding="UTF-8"?>
<!-- Generated by org.testng.reporters.JUnitReportReporter -->
<testsuite hostname="DESKTOP-N5FL77D" failures="0" tests="2" name="com.vtiger.organizationModule.CreateLeadTest" time="0.007" errors="0" timestamp="2021-05-09T12:25:17 IST" skipped="0">
  <testcase classname="com.vtiger.organizationModule.CreateLeadTest" name="createLeadWithOrgNameTest" time="0.001"/>
  <system-out/>
  <testcase classname="com.vtiger.organizationModule.CreateLeadTest" name="createLeadTest" time="0.006"/>
  <system-out/>
</testsuite> <!-- com.vtiger.organizationModule.CreateLeadTest -->
